<?xml version='1.0' encoding='UTF-8'?>
<testsuite hostname="test-VirtualBox" name="com.example.PingPongActorSpec" tests="1" errors="1" failures="0" time="0.169">
                     <properties>
[...]
</properties>
                     <testcase classname="com.example.PingPongActorSpec" name="(It is not a test)" time="0.169">
                                                 <error message="Could not start logger due to [java.lang.InterruptedException]" type="akka.ConfigurationException">akka.ConfigurationException: Could not start logger due to [java.lang.InterruptedException]
	at akka.event.LoggingBus.startDefaultLoggers(Logging.scala:150)
	at akka.event.LoggingBus.startDefaultLoggers$(Logging.scala:102)
	at akka.event.EventStream.startDefaultLoggers(EventStream.scala:23)
	at akka.actor.LocalActorRefProvider.init(ActorRefProvider.scala:652)
	at akka.actor.ActorSystemImpl.liftedTree2$1(ActorSystem.scala:782)
	at akka.actor.ActorSystemImpl._start$lzycompute(ActorSystem.scala:779)
	at akka.actor.ActorSystemImpl._start(ActorSystem.scala:779)
	at akka.actor.ActorSystemImpl.start(ActorSystem.scala:795)
	at akka.actor.ActorSystem$.apply(ActorSystem.scala:244)
	at akka.actor.ActorSystem$.apply(ActorSystem.scala:287)
	at akka.actor.ActorSystem$.apply(ActorSystem.scala:232)
	at com.example.PingPongActorSpec.&lt;init&gt;(PingPongActorSpec.scala:19)
	at sun.reflect.NativeConstructorAccessorImpl.newInstance0(Native Method)
	at sun.reflect.NativeConstructorAccessorImpl.newInstance(NativeConstructorAccessorImpl.java:62)
	at sun.reflect.DelegatingConstructorAccessorImpl.newInstance(DelegatingConstructorAccessorImpl.java:45)
	at java.lang.reflect.Constructor.newInstance(Constructor.java:423)
	at java.lang.Class.newInstance(Class.java:442)
	at org.scalatest.tools.Framework$ScalaTestTask.execute(Framework.scala:435)
	at sbt.TestRunner.runTest$1(TestFramework.scala:76)
	at sbt.TestRunner.run(TestFramework.scala:85)
	at sbt.TestFramework$$anon$2$$anonfun$$init$$1$$anonfun$apply$8.apply(TestFramework.scala:202)
	at sbt.TestFramework$$anon$2$$anonfun$$init$$1$$anonfun$apply$8.apply(TestFramework.scala:202)
	at sbt.TestFramework$.sbt$TestFramework$$withContextLoader(TestFramework.scala:185)
	at sbt.TestFramework$$anon$2$$anonfun$$init$$1.apply(TestFramework.scala:202)
	at sbt.TestFramework$$anon$2$$anonfun$$init$$1.apply(TestFramework.scala:202)
	at sbt.TestFunction.apply(TestFramework.scala:207)
	at sbt.Tests$$anonfun$9.apply(Tests.scala:216)
	at sbt.Tests$$anonfun$9.apply(Tests.scala:216)
	at sbt.std.Transform$$anon$3$$anonfun$apply$2.apply(System.scala:44)
	at sbt.std.Transform$$anon$3$$anonfun$apply$2.apply(System.scala:44)
	at sbt.std.Transform$$anon$4.work(System.scala:63)
	at sbt.Execute$$anonfun$submit$1$$anonfun$apply$1.apply(Execute.scala:226)
	at sbt.Execute$$anonfun$submit$1$$anonfun$apply$1.apply(Execute.scala:226)
	at sbt.ErrorHandling$.wideConvert(ErrorHandling.scala:17)
	at sbt.Execute.work(Execute.scala:235)
	at sbt.Execute$$anonfun$submit$1.apply(Execute.scala:226)
	at sbt.Execute$$anonfun$submit$1.apply(Execute.scala:226)
	at sbt.ConcurrentRestrictions$$anon$4$$anonfun$1.apply(ConcurrentRestrictions.scala:159)
	at sbt.CompletionService$$anon$2.call(CompletionService.scala:28)
	at java.util.concurrent.FutureTask.run(FutureTask.java:266)
	at java.util.concurrent.Executors$RunnableAdapter.call(Executors.java:511)
	at java.util.concurrent.FutureTask.run(FutureTask.java:266)
	at java.util.concurrent.ThreadPoolExecutor.runWorker(ThreadPoolExecutor.java:1142)
	at java.util.concurrent.ThreadPoolExecutor$Worker.run(ThreadPoolExecutor.java:617)
	at java.lang.Thread.run(Thread.java:748)
</error>
                                               </testcase>
                     <system-out></system-out>
                     <system-err></system-err>
                   </testsuite>